\BOOKMARK [0][]{chapter.1}{DESCRIPCI\323N DEL PROBLEMA}{}% 1
\BOOKMARK [1][]{section.1.1}{Planteamiento del Problema}{chapter.1}% 2
\BOOKMARK [2][]{subsection.1.1.1}{Formulaci\363n}{section.1.1}% 3
\BOOKMARK [2][]{subsection.1.1.2}{Sistematizaci\363n}{section.1.1}% 4
\BOOKMARK [2][]{subsection.1.1.3}{Posible t\355tulo del trabajo de grado}{section.1.1}% 5
\BOOKMARK [1][]{section.1.2}{Objetivos}{chapter.1}% 6
\BOOKMARK [2][]{subsection.1.2.1}{Objetivo general}{section.1.2}% 7
\BOOKMARK [2][]{subsection.1.2.2}{Objetivos Espec\355ficos}{section.1.2}% 8
\BOOKMARK [1][]{section.1.3}{Justificaci\363n}{chapter.1}% 9
\BOOKMARK [1][]{section.1.4}{Alcances y Limitaciones}{chapter.1}% 10
\BOOKMARK [0][]{chapter.2}{MARCO DE REFERENCIA}{}% 11
\BOOKMARK [1][]{section.2.1}{Marco Te\363rico}{chapter.2}% 12
\BOOKMARK [2][]{subsection.2.1.1}{Lenguaje para la Especificaci\363n y Descripci\363n de sistemas distribuidos}{section.2.1}% 13
\BOOKMARK [2][]{subsection.2.1.2}{Software de Pruebas}{section.2.1}% 14
\BOOKMARK [2][]{subsection.2.1.3}{Verificaciones Formales}{section.2.1}% 15
\BOOKMARK [2][]{subsection.2.1.4}{Trabajos Relacionados}{section.2.1}% 16
\BOOKMARK [1][]{section.2.2}{Metodolog\355a de la investigaci\363n}{chapter.2}% 17
\BOOKMARK [1][]{section.2.3}{Resultados esperados}{chapter.2}% 18
\BOOKMARK [1][]{section.2.4}{Descripci\363n de recursos}{chapter.2}% 19
\BOOKMARK [2][]{subsection.2.4.1}{Director}{section.2.4}% 20
\BOOKMARK [2][]{subsection.2.4.2}{Recursos T\351cnicos}{section.2.4}% 21
\BOOKMARK [2][]{subsection.2.4.3}{Presupuesto}{section.2.4}% 22
\BOOKMARK [1][]{section.2.5}{Tabla de Contenido}{chapter.2}% 23
\BOOKMARK [1][]{section.2.6}{Cronograma}{chapter.2}% 24
\BOOKMARK [0][]{chapter*.3}{Bibliograf\355a}{}% 25
